{"/Users/mayank.narula/Documents/Workspace/personal/LegalAid/src/application/subscription-service.ts": {"path":"/Users/mayank.narula/Documents/Workspace/personal/LegalAid/src/application/subscription-service.ts","all":false,"statementMap":{"0":{"start":{"line":1,"column":0},"end":{"line":1,"column":40}},"1":{"start":{"line":2,"column":0},"end":{"line":2,"column":52}},"2":{"start":{"line":3,"column":0},"end":{"line":3,"column":60}},"4":{"start":{"line":5,"column":0},"end":{"line":5,"column":59}},"5":{"start":{"line":6,"column":0},"end":{"line":6,"column":8}},"15":{"start":{"line":16,"column":0},"end":{"line":16,"column":34}},"16":{"start":{"line":17,"column":0},"end":{"line":17,"column":55}},"18":{"start":{"line":19,"column":0},"end":{"line":19,"column":13}},"19":{"start":{"line":20,"column":0},"end":{"line":20,"column":24}},"20":{"start":{"line":21,"column":0},"end":{"line":21,"column":3}},"22":{"start":{"line":23,"column":0},"end":{"line":23,"column":23}},"23":{"start":{"line":24,"column":0},"end":{"line":24,"column":39}},"24":{"start":{"line":25,"column":0},"end":{"line":25,"column":3}},"26":{"start":{"line":27,"column":0},"end":{"line":27,"column":131}},"27":{"start":{"line":28,"column":0},"end":{"line":28,"column":44}},"28":{"start":{"line":29,"column":0},"end":{"line":29,"column":89}},"29":{"start":{"line":30,"column":0},"end":{"line":30,"column":35}},"30":{"start":{"line":31,"column":0},"end":{"line":31,"column":5}},"31":{"start":{"line":32,"column":0},"end":{"line":32,"column":76}},"32":{"start":{"line":33,"column":0},"end":{"line":33,"column":3}},"34":{"start":{"line":35,"column":0},"end":{"line":35,"column":64}},"35":{"start":{"line":36,"column":0},"end":{"line":36,"column":73}},"36":{"start":{"line":37,"column":0},"end":{"line":37,"column":85}},"37":{"start":{"line":38,"column":0},"end":{"line":38,"column":48}},"38":{"start":{"line":39,"column":0},"end":{"line":39,"column":105}},"39":{"start":{"line":40,"column":0},"end":{"line":40,"column":25}},"40":{"start":{"line":41,"column":0},"end":{"line":41,"column":66}},"41":{"start":{"line":42,"column":0},"end":{"line":42,"column":9}},"42":{"start":{"line":43,"column":0},"end":{"line":43,"column":28}},"43":{"start":{"line":44,"column":0},"end":{"line":44,"column":16}},"44":{"start":{"line":45,"column":0},"end":{"line":45,"column":41}},"45":{"start":{"line":46,"column":0},"end":{"line":46,"column":85}},"46":{"start":{"line":47,"column":0},"end":{"line":47,"column":10}},"47":{"start":{"line":48,"column":0},"end":{"line":48,"column":9}},"48":{"start":{"line":49,"column":0},"end":{"line":49,"column":80}},"49":{"start":{"line":50,"column":0},"end":{"line":50,"column":31}},"50":{"start":{"line":51,"column":0},"end":{"line":51,"column":83}},"51":{"start":{"line":52,"column":0},"end":{"line":52,"column":9}},"52":{"start":{"line":53,"column":0},"end":{"line":53,"column":7}},"53":{"start":{"line":54,"column":0},"end":{"line":54,"column":42}},"54":{"start":{"line":55,"column":0},"end":{"line":55,"column":36}},"55":{"start":{"line":56,"column":0},"end":{"line":56,"column":16}},"56":{"start":{"line":57,"column":0},"end":{"line":57,"column":24}},"57":{"start":{"line":58,"column":0},"end":{"line":58,"column":22}},"58":{"start":{"line":59,"column":0},"end":{"line":59,"column":31}},"59":{"start":{"line":60,"column":0},"end":{"line":60,"column":7}},"60":{"start":{"line":61,"column":0},"end":{"line":61,"column":3}},"62":{"start":{"line":63,"column":0},"end":{"line":63,"column":95}},"63":{"start":{"line":64,"column":0},"end":{"line":64,"column":58}},"64":{"start":{"line":65,"column":0},"end":{"line":65,"column":39}},"65":{"start":{"line":66,"column":0},"end":{"line":66,"column":21}},"66":{"start":{"line":67,"column":0},"end":{"line":67,"column":29}},"67":{"start":{"line":68,"column":0},"end":{"line":68,"column":27}},"68":{"start":{"line":69,"column":0},"end":{"line":69,"column":36}},"69":{"start":{"line":70,"column":0},"end":{"line":70,"column":9}},"70":{"start":{"line":71,"column":0},"end":{"line":71,"column":5}},"71":{"start":{"line":72,"column":0},"end":{"line":72,"column":61}},"72":{"start":{"line":73,"column":0},"end":{"line":73,"column":49}},"73":{"start":{"line":74,"column":0},"end":{"line":74,"column":67}},"74":{"start":{"line":75,"column":0},"end":{"line":75,"column":5}},"75":{"start":{"line":76,"column":0},"end":{"line":76,"column":24}},"76":{"start":{"line":77,"column":0},"end":{"line":77,"column":3}},"78":{"start":{"line":79,"column":0},"end":{"line":79,"column":62}},"79":{"start":{"line":80,"column":0},"end":{"line":80,"column":63}},"80":{"start":{"line":81,"column":0},"end":{"line":81,"column":3}},"82":{"start":{"line":83,"column":0},"end":{"line":83,"column":59}},"83":{"start":{"line":84,"column":0},"end":{"line":84,"column":76}},"84":{"start":{"line":85,"column":0},"end":{"line":85,"column":74}},"85":{"start":{"line":86,"column":0},"end":{"line":86,"column":47}},"86":{"start":{"line":87,"column":0},"end":{"line":87,"column":22}},"87":{"start":{"line":88,"column":0},"end":{"line":88,"column":26}},"88":{"start":{"line":89,"column":0},"end":{"line":89,"column":55}},"89":{"start":{"line":90,"column":0},"end":{"line":90,"column":53}},"90":{"start":{"line":91,"column":0},"end":{"line":91,"column":7}},"91":{"start":{"line":92,"column":0},"end":{"line":92,"column":3}},"93":{"start":{"line":94,"column":0},"end":{"line":94,"column":57}},"94":{"start":{"line":95,"column":0},"end":{"line":95,"column":76}},"95":{"start":{"line":96,"column":0},"end":{"line":96,"column":36}},"96":{"start":{"line":97,"column":0},"end":{"line":97,"column":101}},"97":{"start":{"line":98,"column":0},"end":{"line":98,"column":5}},"98":{"start":{"line":99,"column":0},"end":{"line":99,"column":45}},"99":{"start":{"line":100,"column":0},"end":{"line":100,"column":42}},"100":{"start":{"line":101,"column":0},"end":{"line":101,"column":38}},"101":{"start":{"line":102,"column":0},"end":{"line":102,"column":7}},"102":{"start":{"line":103,"column":0},"end":{"line":103,"column":3}},"104":{"start":{"line":105,"column":0},"end":{"line":105,"column":43}},"105":{"start":{"line":106,"column":0},"end":{"line":106,"column":73}},"106":{"start":{"line":107,"column":0},"end":{"line":107,"column":72}},"107":{"start":{"line":108,"column":0},"end":{"line":108,"column":60}},"108":{"start":{"line":109,"column":0},"end":{"line":109,"column":12}},"109":{"start":{"line":110,"column":0},"end":{"line":110,"column":30}},"110":{"start":{"line":111,"column":0},"end":{"line":111,"column":38}},"111":{"start":{"line":112,"column":0},"end":{"line":112,"column":44}},"112":{"start":{"line":113,"column":0},"end":{"line":113,"column":19}},"113":{"start":{"line":114,"column":0},"end":{"line":114,"column":28}},"114":{"start":{"line":115,"column":0},"end":{"line":115,"column":53}},"115":{"start":{"line":116,"column":0},"end":{"line":116,"column":6}},"116":{"start":{"line":117,"column":0},"end":{"line":117,"column":3}},"117":{"start":{"line":118,"column":0},"end":{"line":118,"column":1}}},"s":{"0":1,"1":1,"2":1,"4":1,"5":1,"15":1,"16":1,"18":1,"19":0,"20":0,"22":1,"23":0,"24":0,"26":1,"27":3,"28":3,"29":0,"30":0,"31":3,"32":3,"34":1,"35":3,"36":3,"37":3,"38":3,"39":3,"40":3,"41":3,"42":3,"43":3,"44":3,"45":3,"46":3,"47":3,"48":3,"49":3,"50":3,"51":3,"52":3,"53":3,"54":3,"55":3,"56":3,"57":3,"58":3,"59":3,"60":3,"62":1,"63":2,"64":1,"65":1,"66":1,"67":1,"68":1,"69":1,"70":1,"71":1,"72":1,"73":1,"74":1,"75":0,"76":2,"78":1,"79":0,"80":0,"82":1,"83":1,"84":1,"85":1,"86":1,"87":1,"88":1,"89":1,"90":1,"91":1,"93":1,"94":1,"95":1,"96":0,"97":0,"98":1,"99":1,"100":1,"101":1,"102":1,"104":1,"105":1,"106":1,"107":1,"108":1,"109":1,"110":1,"111":1,"112":1,"113":1,"114":1,"115":1,"116":1,"117":1},"branchMap":{"0":{"type":"branch","line":17,"loc":{"start":{"line":17,"column":2},"end":{"line":17,"column":55}},"locations":[{"start":{"line":17,"column":2},"end":{"line":17,"column":55}}]},"1":{"type":"branch","line":27,"loc":{"start":{"line":27,"column":10},"end":{"line":33,"column":3}},"locations":[{"start":{"line":27,"column":10},"end":{"line":33,"column":3}}]},"2":{"type":"branch","line":28,"loc":{"start":{"line":28,"column":31},"end":{"line":28,"column":44}},"locations":[{"start":{"line":28,"column":31},"end":{"line":28,"column":44}}]},"3":{"type":"branch","line":29,"loc":{"start":{"line":29,"column":88},"end":{"line":31,"column":5}},"locations":[{"start":{"line":29,"column":88},"end":{"line":31,"column":5}}]},"4":{"type":"branch","line":32,"loc":{"start":{"line":32,"column":37},"end":{"line":32,"column":54}},"locations":[{"start":{"line":32,"column":37},"end":{"line":32,"column":54}}]},"5":{"type":"branch","line":35,"loc":{"start":{"line":35,"column":2},"end":{"line":61,"column":3}},"locations":[{"start":{"line":35,"column":2},"end":{"line":61,"column":3}}]},"6":{"type":"branch","line":37,"loc":{"start":{"line":37,"column":15},"end":{"line":37,"column":85}},"locations":[{"start":{"line":37,"column":15},"end":{"line":37,"column":85}}]},"7":{"type":"branch","line":63,"loc":{"start":{"line":63,"column":2},"end":{"line":77,"column":3}},"locations":[{"start":{"line":63,"column":2},"end":{"line":77,"column":3}}]},"8":{"type":"branch","line":64,"loc":{"start":{"line":64,"column":57},"end":{"line":75,"column":5}},"locations":[{"start":{"line":64,"column":57},"end":{"line":75,"column":5}}]},"9":{"type":"branch","line":75,"loc":{"start":{"line":75,"column":4},"end":{"line":76,"column":24}},"locations":[{"start":{"line":75,"column":4},"end":{"line":76,"column":24}}]},"10":{"type":"branch","line":83,"loc":{"start":{"line":83,"column":2},"end":{"line":92,"column":3}},"locations":[{"start":{"line":83,"column":2},"end":{"line":92,"column":3}}]},"11":{"type":"branch","line":85,"loc":{"start":{"line":85,"column":17},"end":{"line":85,"column":74}},"locations":[{"start":{"line":85,"column":17},"end":{"line":85,"column":74}}]},"12":{"type":"branch","line":94,"loc":{"start":{"line":94,"column":2},"end":{"line":103,"column":3}},"locations":[{"start":{"line":94,"column":2},"end":{"line":103,"column":3}}]},"13":{"type":"branch","line":96,"loc":{"start":{"line":96,"column":35},"end":{"line":98,"column":5}},"locations":[{"start":{"line":96,"column":35},"end":{"line":98,"column":5}}]},"14":{"type":"branch","line":105,"loc":{"start":{"line":105,"column":2},"end":{"line":117,"column":3}},"locations":[{"start":{"line":105,"column":2},"end":{"line":117,"column":3}}]},"15":{"type":"branch","line":107,"loc":{"start":{"line":107,"column":15},"end":{"line":107,"column":72}},"locations":[{"start":{"line":107,"column":15},"end":{"line":107,"column":72}}]}},"b":{"0":[1],"1":[3],"2":[0],"3":[0],"4":[0],"5":[3],"6":[0],"7":[2],"8":[1],"9":[0],"10":[1],"11":[0],"12":[1],"13":[0],"14":[1],"15":[0]},"fnMap":{"0":{"name":"SubscriptionService","decl":{"start":{"line":17,"column":2},"end":{"line":17,"column":55}},"loc":{"start":{"line":17,"column":2},"end":{"line":17,"column":55}},"line":17},"1":{"name":"catalog","decl":{"start":{"line":19,"column":2},"end":{"line":21,"column":3}},"loc":{"start":{"line":19,"column":2},"end":{"line":21,"column":3}},"line":19},"2":{"name":"billingConfigured","decl":{"start":{"line":23,"column":2},"end":{"line":25,"column":3}},"loc":{"start":{"line":23,"column":2},"end":{"line":25,"column":3}},"line":23},"3":{"name":"effectivePlan","decl":{"start":{"line":27,"column":10},"end":{"line":33,"column":3}},"loc":{"start":{"line":27,"column":10},"end":{"line":33,"column":3}},"line":27},"4":{"name":"getEntitlements","decl":{"start":{"line":35,"column":2},"end":{"line":61,"column":3}},"loc":{"start":{"line":35,"column":2},"end":{"line":61,"column":3}},"line":35},"5":{"name":"assertFeature","decl":{"start":{"line":63,"column":2},"end":{"line":77,"column":3}},"loc":{"start":{"line":63,"column":2},"end":{"line":77,"column":3}},"line":63},"6":{"name":"recordUsage","decl":{"start":{"line":79,"column":2},"end":{"line":81,"column":3}},"loc":{"start":{"line":79,"column":2},"end":{"line":81,"column":3}},"line":79},"7":{"name":"createCheckout","decl":{"start":{"line":83,"column":2},"end":{"line":92,"column":3}},"loc":{"start":{"line":83,"column":2},"end":{"line":92,"column":3}},"line":83},"8":{"name":"createPortal","decl":{"start":{"line":94,"column":2},"end":{"line":103,"column":3}},"loc":{"start":{"line":94,"column":2},"end":{"line":103,"column":3}},"line":94},"9":{"name":"getBillingSummary","decl":{"start":{"line":105,"column":2},"end":{"line":117,"column":3}},"loc":{"start":{"line":105,"column":2},"end":{"line":117,"column":3}},"line":105}},"f":{"0":1,"1":0,"2":0,"3":3,"4":3,"5":2,"6":0,"7":1,"8":1,"9":1}}
,"/Users/mayank.narula/Documents/Workspace/personal/LegalAid/src/domain/errors.ts": {"path":"/Users/mayank.narula/Documents/Workspace/personal/LegalAid/src/domain/errors.ts","all":false,"statementMap":{"0":{"start":{"line":1,"column":0},"end":{"line":1,"column":40}},"1":{"start":{"line":2,"column":0},"end":{"line":2,"column":14}},"2":{"start":{"line":3,"column":0},"end":{"line":3,"column":20}},"3":{"start":{"line":4,"column":0},"end":{"line":4,"column":26}},"4":{"start":{"line":5,"column":0},"end":{"line":5,"column":26}},"5":{"start":{"line":6,"column":0},"end":{"line":6,"column":5}},"6":{"start":{"line":7,"column":0},"end":{"line":7,"column":19}},"7":{"start":{"line":8,"column":0},"end":{"line":8,"column":30}},"8":{"start":{"line":9,"column":0},"end":{"line":9,"column":3}},"9":{"start":{"line":10,"column":0},"end":{"line":10,"column":1}},"11":{"start":{"line":12,"column":0},"end":{"line":12,"column":52}},"12":{"start":{"line":13,"column":0},"end":{"line":13,"column":52}},"13":{"start":{"line":14,"column":0},"end":{"line":14,"column":40}},"14":{"start":{"line":15,"column":0},"end":{"line":15,"column":3}},"15":{"start":{"line":16,"column":0},"end":{"line":16,"column":1}},"17":{"start":{"line":18,"column":0},"end":{"line":18,"column":49}},"18":{"start":{"line":19,"column":0},"end":{"line":19,"column":66}},"19":{"start":{"line":20,"column":0},"end":{"line":20,"column":37}},"20":{"start":{"line":21,"column":0},"end":{"line":21,"column":3}},"21":{"start":{"line":22,"column":0},"end":{"line":22,"column":1}},"23":{"start":{"line":24,"column":0},"end":{"line":24,"column":48}},"24":{"start":{"line":25,"column":0},"end":{"line":25,"column":31}},"25":{"start":{"line":26,"column":0},"end":{"line":26,"column":55}},"26":{"start":{"line":27,"column":0},"end":{"line":27,"column":3}},"27":{"start":{"line":28,"column":0},"end":{"line":28,"column":1}},"29":{"start":{"line":30,"column":0},"end":{"line":30,"column":60}},"30":{"start":{"line":31,"column":0},"end":{"line":31,"column":64}},"31":{"start":{"line":32,"column":0},"end":{"line":32,"column":30}},"32":{"start":{"line":33,"column":0},"end":{"line":33,"column":3}},"33":{"start":{"line":34,"column":0},"end":{"line":34,"column":1}}},"s":{"0":1,"1":1,"2":11,"3":11,"4":11,"5":11,"6":11,"7":11,"8":11,"9":1,"11":1,"12":1,"13":1,"14":1,"15":1,"17":1,"18":1,"19":3,"20":3,"21":1,"23":1,"24":1,"25":0,"26":0,"27":1,"29":1,"30":1,"31":2,"32":2,"33":1},"branchMap":{"0":{"type":"branch","line":2,"loc":{"start":{"line":2,"column":2},"end":{"line":9,"column":3}},"locations":[{"start":{"line":2,"column":2},"end":{"line":9,"column":3}}]},"1":{"type":"branch","line":13,"loc":{"start":{"line":13,"column":2},"end":{"line":15,"column":3}},"locations":[{"start":{"line":13,"column":2},"end":{"line":15,"column":3}}]},"2":{"type":"branch","line":19,"loc":{"start":{"line":19,"column":2},"end":{"line":21,"column":3}},"locations":[{"start":{"line":19,"column":2},"end":{"line":21,"column":3}}]},"3":{"type":"branch","line":31,"loc":{"start":{"line":31,"column":2},"end":{"line":33,"column":3}},"locations":[{"start":{"line":31,"column":2},"end":{"line":33,"column":3}}]}},"b":{"0":[11],"1":[1],"2":[3],"3":[2]},"fnMap":{"0":{"name":"DomainError","decl":{"start":{"line":2,"column":2},"end":{"line":9,"column":3}},"loc":{"start":{"line":2,"column":2},"end":{"line":9,"column":3}},"line":2},"1":{"name":"UnauthorizedError","decl":{"start":{"line":13,"column":2},"end":{"line":15,"column":3}},"loc":{"start":{"line":13,"column":2},"end":{"line":15,"column":3}},"line":13},"2":{"name":"ForbiddenError","decl":{"start":{"line":19,"column":2},"end":{"line":21,"column":3}},"loc":{"start":{"line":19,"column":2},"end":{"line":21,"column":3}},"line":19},"3":{"name":"NotFoundError","decl":{"start":{"line":25,"column":2},"end":{"line":27,"column":3}},"loc":{"start":{"line":25,"column":2},"end":{"line":27,"column":3}},"line":25},"4":{"name":"SubscriptionRequiredError","decl":{"start":{"line":31,"column":2},"end":{"line":33,"column":3}},"loc":{"start":{"line":31,"column":2},"end":{"line":33,"column":3}},"line":31}},"f":{"0":11,"1":1,"2":3,"3":0,"4":2}}
,"/Users/mayank.narula/Documents/Workspace/personal/LegalAid/src/domain/policies/authorization.ts": {"path":"/Users/mayank.narula/Documents/Workspace/personal/LegalAid/src/domain/policies/authorization.ts","all":false,"statementMap":{"11":{"start":{"line":12,"column":0},"end":{"line":12,"column":105}},"12":{"start":{"line":13,"column":0},"end":{"line":13,"column":41}},"13":{"start":{"line":14,"column":0},"end":{"line":14,"column":43}},"14":{"start":{"line":15,"column":0},"end":{"line":15,"column":68}},"15":{"start":{"line":16,"column":0},"end":{"line":16,"column":15}},"16":{"start":{"line":17,"column":0},"end":{"line":17,"column":1}},"19":{"start":{"line":20,"column":0},"end":{"line":20,"column":28}},"20":{"start":{"line":21,"column":0},"end":{"line":21,"column":20}},"21":{"start":{"line":22,"column":0},"end":{"line":22,"column":68}},"22":{"start":{"line":23,"column":0},"end":{"line":23,"column":3}},"23":{"start":{"line":24,"column":0},"end":{"line":24,"column":41}},"24":{"start":{"line":25,"column":0},"end":{"line":25,"column":84}},"25":{"start":{"line":26,"column":0},"end":{"line":26,"column":70}},"26":{"start":{"line":27,"column":0},"end":{"line":27,"column":15}},"27":{"start":{"line":28,"column":0},"end":{"line":28,"column":1}},"29":{"start":{"line":30,"column":0},"end":{"line":30,"column":52}},"30":{"start":{"line":31,"column":0},"end":{"line":31,"column":57}},"31":{"start":{"line":32,"column":0},"end":{"line":32,"column":1}},"33":{"start":{"line":34,"column":0},"end":{"line":34,"column":53}},"34":{"start":{"line":35,"column":0},"end":{"line":35,"column":31}},"35":{"start":{"line":36,"column":0},"end":{"line":36,"column":1}},"37":{"start":{"line":38,"column":0},"end":{"line":38,"column":77}},"38":{"start":{"line":39,"column":0},"end":{"line":39,"column":70}},"39":{"start":{"line":40,"column":0},"end":{"line":40,"column":48}},"40":{"start":{"line":41,"column":0},"end":{"line":41,"column":61}},"41":{"start":{"line":42,"column":0},"end":{"line":42,"column":62}},"42":{"start":{"line":43,"column":0},"end":{"line":43,"column":75}},"43":{"start":{"line":44,"column":0},"end":{"line":44,"column":55}},"44":{"start":{"line":45,"column":0},"end":{"line":45,"column":71}},"45":{"start":{"line":46,"column":0},"end":{"line":46,"column":4}},"46":{"start":{"line":47,"column":0},"end":{"line":47,"column":80}},"47":{"start":{"line":48,"column":0},"end":{"line":48,"column":1}}},"s":{"11":1,"12":11,"13":10,"14":11,"15":6,"16":6,"19":1,"20":5,"21":5,"22":5,"23":5,"24":5,"25":5,"26":3,"27":3,"29":1,"30":2,"31":2,"33":1,"34":2,"35":2,"37":1,"38":3,"39":3,"40":3,"41":3,"42":3,"43":3,"44":3,"45":3,"46":3,"47":3},"branchMap":{"0":{"type":"branch","line":12,"loc":{"start":{"line":12,"column":7},"end":{"line":17,"column":1}},"locations":[{"start":{"line":12,"column":7},"end":{"line":17,"column":1}}]},"1":{"type":"branch","line":13,"loc":{"start":{"line":13,"column":29},"end":{"line":13,"column":41}},"locations":[{"start":{"line":13,"column":29},"end":{"line":13,"column":41}}]},"2":{"type":"branch","line":13,"loc":{"start":{"line":13,"column":36},"end":{"line":15,"column":26}},"locations":[{"start":{"line":13,"column":36},"end":{"line":15,"column":26}}]},"3":{"type":"branch","line":14,"loc":{"start":{"line":14,"column":31},"end":{"line":15,"column":26}},"locations":[{"start":{"line":14,"column":31},"end":{"line":15,"column":26}}]},"4":{"type":"branch","line":14,"loc":{"start":{"line":14,"column":31},"end":{"line":14,"column":43}},"locations":[{"start":{"line":14,"column":31},"end":{"line":14,"column":43}}]},"5":{"type":"branch","line":14,"loc":{"start":{"line":14,"column":38},"end":{"line":15,"column":26}},"locations":[{"start":{"line":14,"column":38},"end":{"line":15,"column":26}}]},"6":{"type":"branch","line":15,"loc":{"start":{"line":15,"column":6},"end":{"line":15,"column":56}},"locations":[{"start":{"line":15,"column":6},"end":{"line":15,"column":56}}]},"7":{"type":"branch","line":15,"loc":{"start":{"line":15,"column":56},"end":{"line":15,"column":68}},"locations":[{"start":{"line":15,"column":56},"end":{"line":15,"column":68}}]},"8":{"type":"branch","line":15,"loc":{"start":{"line":15,"column":63},"end":{"line":17,"column":1}},"locations":[{"start":{"line":15,"column":63},"end":{"line":17,"column":1}}]},"9":{"type":"branch","line":20,"loc":{"start":{"line":20,"column":7},"end":{"line":28,"column":1}},"locations":[{"start":{"line":20,"column":7},"end":{"line":28,"column":1}}]},"10":{"type":"branch","line":24,"loc":{"start":{"line":24,"column":29},"end":{"line":24,"column":41}},"locations":[{"start":{"line":24,"column":29},"end":{"line":24,"column":41}}]},"11":{"type":"branch","line":25,"loc":{"start":{"line":25,"column":72},"end":{"line":26,"column":32}},"locations":[{"start":{"line":25,"column":72},"end":{"line":26,"column":32}}]},"12":{"type":"branch","line":25,"loc":{"start":{"line":25,"column":72},"end":{"line":25,"column":84}},"locations":[{"start":{"line":25,"column":72},"end":{"line":25,"column":84}}]},"13":{"type":"branch","line":26,"loc":{"start":{"line":26,"column":20},"end":{"line":26,"column":58}},"locations":[{"start":{"line":26,"column":20},"end":{"line":26,"column":58}}]},"14":{"type":"branch","line":26,"loc":{"start":{"line":26,"column":58},"end":{"line":26,"column":70}},"locations":[{"start":{"line":26,"column":58},"end":{"line":26,"column":70}}]},"15":{"type":"branch","line":26,"loc":{"start":{"line":26,"column":65},"end":{"line":28,"column":1}},"locations":[{"start":{"line":26,"column":65},"end":{"line":28,"column":1}}]},"16":{"type":"branch","line":30,"loc":{"start":{"line":30,"column":7},"end":{"line":32,"column":1}},"locations":[{"start":{"line":30,"column":7},"end":{"line":32,"column":1}}]},"17":{"type":"branch","line":31,"loc":{"start":{"line":31,"column":23},"end":{"line":31,"column":57}},"locations":[{"start":{"line":31,"column":23},"end":{"line":31,"column":57}}]},"18":{"type":"branch","line":34,"loc":{"start":{"line":34,"column":7},"end":{"line":36,"column":1}},"locations":[{"start":{"line":34,"column":7},"end":{"line":36,"column":1}}]},"19":{"type":"branch","line":38,"loc":{"start":{"line":38,"column":7},"end":{"line":48,"column":1}},"locations":[{"start":{"line":38,"column":7},"end":{"line":48,"column":1}}]},"20":{"type":"branch","line":47,"loc":{"start":{"line":47,"column":37},"end":{"line":47,"column":80}},"locations":[{"start":{"line":47,"column":37},"end":{"line":47,"column":80}}]},"21":{"type":"branch","line":47,"loc":{"start":{"line":47,"column":53},"end":{"line":47,"column":74}},"locations":[{"start":{"line":47,"column":53},"end":{"line":47,"column":74}}]}},"b":{"0":[11],"1":[1],"2":[10],"3":[9],"4":[3],"5":[7],"6":[4],"7":[1],"8":[6],"9":[5],"10":[0],"11":[4],"12":[1],"13":[2],"14":[1],"15":[3],"16":[2],"17":[1],"18":[2],"19":[3],"20":[1],"21":[0]},"fnMap":{"0":{"name":"canManageCase","decl":{"start":{"line":12,"column":7},"end":{"line":17,"column":1}},"loc":{"start":{"line":12,"column":7},"end":{"line":17,"column":1}},"line":12},"1":{"name":"canViewCase","decl":{"start":{"line":20,"column":7},"end":{"line":28,"column":1}},"loc":{"start":{"line":20,"column":7},"end":{"line":28,"column":1}},"line":20},"2":{"name":"canActAsCounsel","decl":{"start":{"line":30,"column":7},"end":{"line":32,"column":1}},"loc":{"start":{"line":30,"column":7},"end":{"line":32,"column":1}},"line":30},"3":{"name":"canVerifyLawyers","decl":{"start":{"line":34,"column":7},"end":{"line":36,"column":1}},"loc":{"start":{"line":34,"column":7},"end":{"line":36,"column":1}},"line":34},"4":{"name":"nextCaseStatus","decl":{"start":{"line":38,"column":7},"end":{"line":48,"column":1}},"loc":{"start":{"line":38,"column":7},"end":{"line":48,"column":1}},"line":38}},"f":{"0":11,"1":5,"2":2,"3":2,"4":3}}
,"/Users/mayank.narula/Documents/Workspace/personal/LegalAid/src/domain/recommendation/lawyer-matcher.ts": {"path":"/Users/mayank.narula/Documents/Workspace/personal/LegalAid/src/domain/recommendation/lawyer-matcher.ts","all":false,"statementMap":{"23":{"start":{"line":24,"column":0},"end":{"line":24,"column":33}},"24":{"start":{"line":25,"column":0},"end":{"line":25,"column":26}},"25":{"start":{"line":26,"column":0},"end":{"line":26,"column":71}},"26":{"start":{"line":27,"column":0},"end":{"line":27,"column":19}},"27":{"start":{"line":28,"column":0},"end":{"line":28,"column":19}},"28":{"start":{"line":29,"column":0},"end":{"line":29,"column":22}},"29":{"start":{"line":30,"column":0},"end":{"line":30,"column":35}},"30":{"start":{"line":31,"column":0},"end":{"line":31,"column":36}},"31":{"start":{"line":32,"column":0},"end":{"line":32,"column":71}},"32":{"start":{"line":33,"column":0},"end":{"line":33,"column":25}},"33":{"start":{"line":34,"column":0},"end":{"line":34,"column":20}},"34":{"start":{"line":35,"column":0},"end":{"line":35,"column":51}},"35":{"start":{"line":36,"column":0},"end":{"line":36,"column":7}},"36":{"start":{"line":37,"column":0},"end":{"line":37,"column":62}},"37":{"start":{"line":38,"column":0},"end":{"line":38,"column":20}},"38":{"start":{"line":39,"column":0},"end":{"line":39,"column":54}},"39":{"start":{"line":40,"column":0},"end":{"line":40,"column":7}},"40":{"start":{"line":41,"column":0},"end":{"line":41,"column":78}},"41":{"start":{"line":42,"column":0},"end":{"line":42,"column":19}},"42":{"start":{"line":43,"column":0},"end":{"line":43,"column":45}},"43":{"start":{"line":44,"column":0},"end":{"line":44,"column":7}},"44":{"start":{"line":45,"column":0},"end":{"line":45,"column":69}},"45":{"start":{"line":46,"column":0},"end":{"line":46,"column":91}},"46":{"start":{"line":47,"column":0},"end":{"line":47,"column":28}},"47":{"start":{"line":48,"column":0},"end":{"line":48,"column":78}},"48":{"start":{"line":49,"column":0},"end":{"line":49,"column":28}},"49":{"start":{"line":50,"column":0},"end":{"line":50,"column":20}},"50":{"start":{"line":51,"column":0},"end":{"line":51,"column":45}},"51":{"start":{"line":52,"column":0},"end":{"line":52,"column":7}},"52":{"start":{"line":53,"column":0},"end":{"line":53,"column":58}},"53":{"start":{"line":54,"column":0},"end":{"line":54,"column":72}},"54":{"start":{"line":55,"column":0},"end":{"line":55,"column":6}},"55":{"start":{"line":56,"column":0},"end":{"line":56,"column":39}},"56":{"start":{"line":57,"column":0},"end":{"line":57,"column":1}},"58":{"start":{"line":59,"column":0},"end":{"line":59,"column":81}},"59":{"start":{"line":60,"column":0},"end":{"line":60,"column":44}},"60":{"start":{"line":61,"column":0},"end":{"line":61,"column":10}},"61":{"start":{"line":62,"column":0},"end":{"line":62,"column":10}},"62":{"start":{"line":63,"column":0},"end":{"line":63,"column":64}},"63":{"start":{"line":64,"column":0},"end":{"line":64,"column":87}},"64":{"start":{"line":65,"column":0},"end":{"line":65,"column":4}},"65":{"start":{"line":66,"column":0},"end":{"line":66,"column":1}}},"s":{"23":1,"24":1,"25":1,"26":1,"27":1,"28":1,"29":1,"30":1,"31":1,"32":1,"33":1,"34":1,"35":1,"36":1,"37":1,"38":1,"39":1,"40":1,"41":1,"42":1,"43":1,"44":1,"45":1,"46":1,"47":1,"48":1,"49":1,"50":1,"51":1,"52":1,"53":1,"54":1,"55":1,"56":1,"58":1,"59":4,"60":4,"61":4,"62":4,"63":4,"64":4,"65":4},"branchMap":{"0":{"type":"branch","line":24,"loc":{"start":{"line":24,"column":7},"end":{"line":57,"column":1}},"locations":[{"start":{"line":24,"column":7},"end":{"line":57,"column":1}}]},"1":{"type":"branch","line":29,"loc":{"start":{"line":29,"column":9},"end":{"line":55,"column":5}},"locations":[{"start":{"line":29,"column":9},"end":{"line":55,"column":5}}]},"2":{"type":"branch","line":46,"loc":{"start":{"line":46,"column":32},"end":{"line":46,"column":43}},"locations":[{"start":{"line":46,"column":32},"end":{"line":46,"column":43}}]},"3":{"type":"branch","line":59,"loc":{"start":{"line":59,"column":7},"end":{"line":66,"column":1}},"locations":[{"start":{"line":59,"column":7},"end":{"line":66,"column":1}}]},"4":{"type":"branch","line":63,"loc":{"start":{"line":63,"column":23},"end":{"line":63,"column":31}},"locations":[{"start":{"line":63,"column":23},"end":{"line":63,"column":31}}]},"5":{"type":"branch","line":63,"loc":{"start":{"line":63,"column":27},"end":{"line":63,"column":64}},"locations":[{"start":{"line":63,"column":27},"end":{"line":63,"column":64}}]},"6":{"type":"branch","line":64,"loc":{"start":{"line":64,"column":30},"end":{"line":64,"column":38}},"locations":[{"start":{"line":64,"column":30},"end":{"line":64,"column":38}}]},"7":{"type":"branch","line":64,"loc":{"start":{"line":64,"column":34},"end":{"line":64,"column":87}},"locations":[{"start":{"line":64,"column":34},"end":{"line":64,"column":87}}]}},"b":{"0":[1],"1":[1],"2":[0],"3":[4],"4":[1],"5":[3],"6":[1],"7":[3]},"fnMap":{"0":{"name":"recommendLawyers","decl":{"start":{"line":24,"column":7},"end":{"line":57,"column":1}},"loc":{"start":{"line":24,"column":7},"end":{"line":57,"column":1}},"line":24},"1":{"name":"outcomeStats","decl":{"start":{"line":59,"column":7},"end":{"line":66,"column":1}},"loc":{"start":{"line":59,"column":7},"end":{"line":66,"column":1}},"line":59}},"f":{"0":1,"1":4}}
,"/Users/mayank.narula/Documents/Workspace/personal/LegalAid/src/domain/search/legal-index.ts": {"path":"/Users/mayank.narula/Documents/Workspace/personal/LegalAid/src/domain/search/legal-index.ts","all":false,"statementMap":{"26":{"start":{"line":27,"column":0},"end":{"line":27,"column":30}},"27":{"start":{"line":28,"column":0},"end":{"line":28,"column":10}},"28":{"start":{"line":29,"column":0},"end":{"line":29,"column":18}},"29":{"start":{"line":30,"column":0},"end":{"line":30,"column":29}},"30":{"start":{"line":31,"column":0},"end":{"line":31,"column":25}},"31":{"start":{"line":32,"column":0},"end":{"line":32,"column":33}},"32":{"start":{"line":33,"column":0},"end":{"line":33,"column":1}},"34":{"start":{"line":35,"column":0},"end":{"line":35,"column":47}},"35":{"start":{"line":36,"column":0},"end":{"line":36,"column":10}},"36":{"start":{"line":37,"column":0},"end":{"line":37,"column":36}},"37":{"start":{"line":38,"column":0},"end":{"line":38,"column":42}},"38":{"start":{"line":39,"column":0},"end":{"line":39,"column":51}},"39":{"start":{"line":40,"column":0},"end":{"line":40,"column":40}},"40":{"start":{"line":41,"column":0},"end":{"line":41,"column":34}},"41":{"start":{"line":42,"column":0},"end":{"line":42,"column":38}},"42":{"start":{"line":43,"column":0},"end":{"line":43,"column":34}},"43":{"start":{"line":44,"column":0},"end":{"line":44,"column":42}},"44":{"start":{"line":45,"column":0},"end":{"line":45,"column":4}},"45":{"start":{"line":46,"column":0},"end":{"line":46,"column":1}},"47":{"start":{"line":48,"column":0},"end":{"line":48,"column":53}},"48":{"start":{"line":49,"column":0},"end":{"line":49,"column":35}},"49":{"start":{"line":50,"column":0},"end":{"line":50,"column":15}},"50":{"start":{"line":51,"column":0},"end":{"line":51,"column":29}},"51":{"start":{"line":52,"column":0},"end":{"line":52,"column":30}},"52":{"start":{"line":53,"column":0},"end":{"line":53,"column":24}},"53":{"start":{"line":54,"column":0},"end":{"line":54,"column":3}},"54":{"start":{"line":55,"column":0},"end":{"line":55,"column":48}},"55":{"start":{"line":56,"column":0},"end":{"line":56,"column":38}},"56":{"start":{"line":57,"column":0},"end":{"line":57,"column":47}},"57":{"start":{"line":58,"column":0},"end":{"line":58,"column":98}},"58":{"start":{"line":59,"column":0},"end":{"line":59,"column":1}},"60":{"start":{"line":61,"column":0},"end":{"line":61,"column":37}},"61":{"start":{"line":62,"column":0},"end":{"line":62,"column":33}},"62":{"start":{"line":63,"column":0},"end":{"line":63,"column":10}},"68":{"start":{"line":69,"column":0},"end":{"line":69,"column":16}},"69":{"start":{"line":70,"column":0},"end":{"line":70,"column":38}},"70":{"start":{"line":71,"column":0},"end":{"line":71,"column":47}},"72":{"start":{"line":73,"column":0},"end":{"line":73,"column":15}},"73":{"start":{"line":74,"column":0},"end":{"line":74,"column":23}},"74":{"start":{"line":75,"column":0},"end":{"line":75,"column":63}},"75":{"start":{"line":76,"column":0},"end":{"line":76,"column":107}},"76":{"start":{"line":77,"column":0},"end":{"line":77,"column":21}},"77":{"start":{"line":78,"column":0},"end":{"line":78,"column":7}},"78":{"start":{"line":79,"column":0},"end":{"line":79,"column":18}},"79":{"start":{"line":80,"column":0},"end":{"line":80,"column":6}},"80":{"start":{"line":81,"column":0},"end":{"line":81,"column":20}},"81":{"start":{"line":82,"column":0},"end":{"line":82,"column":31}},"82":{"start":{"line":83,"column":0},"end":{"line":83,"column":37}},"83":{"start":{"line":84,"column":0},"end":{"line":84,"column":20}},"85":{"start":{"line":86,"column":0},"end":{"line":86,"column":75}},"86":{"start":{"line":87,"column":0},"end":{"line":87,"column":20}},"87":{"start":{"line":88,"column":0},"end":{"line":88,"column":39}},"88":{"start":{"line":89,"column":0},"end":{"line":89,"column":48}},"89":{"start":{"line":90,"column":0},"end":{"line":90,"column":19}},"90":{"start":{"line":91,"column":0},"end":{"line":91,"column":7}},"92":{"start":{"line":93,"column":0},"end":{"line":93,"column":57}},"93":{"start":{"line":94,"column":0},"end":{"line":94,"column":20}},"94":{"start":{"line":95,"column":0},"end":{"line":95,"column":33}},"95":{"start":{"line":96,"column":0},"end":{"line":96,"column":40}},"96":{"start":{"line":97,"column":0},"end":{"line":97,"column":19}},"97":{"start":{"line":98,"column":0},"end":{"line":98,"column":7}},"99":{"start":{"line":100,"column":0},"end":{"line":100,"column":47}},"100":{"start":{"line":101,"column":0},"end":{"line":101,"column":20}},"101":{"start":{"line":102,"column":0},"end":{"line":102,"column":31}},"102":{"start":{"line":103,"column":0},"end":{"line":103,"column":7}},"104":{"start":{"line":105,"column":0},"end":{"line":105,"column":49}},"106":{"start":{"line":107,"column":0},"end":{"line":107,"column":31}},"107":{"start":{"line":108,"column":0},"end":{"line":108,"column":16}},"108":{"start":{"line":109,"column":0},"end":{"line":109,"column":18}},"109":{"start":{"line":110,"column":0},"end":{"line":110,"column":16}},"110":{"start":{"line":111,"column":0},"end":{"line":111,"column":46}},"111":{"start":{"line":112,"column":0},"end":{"line":112,"column":20}},"112":{"start":{"line":113,"column":0},"end":{"line":113,"column":10}},"113":{"start":{"line":114,"column":0},"end":{"line":114,"column":7}},"115":{"start":{"line":116,"column":0},"end":{"line":116,"column":33}},"116":{"start":{"line":117,"column":0},"end":{"line":117,"column":37}},"117":{"start":{"line":118,"column":0},"end":{"line":118,"column":22}},"118":{"start":{"line":119,"column":0},"end":{"line":119,"column":34}},"119":{"start":{"line":120,"column":0},"end":{"line":120,"column":9}},"120":{"start":{"line":121,"column":0},"end":{"line":121,"column":68}},"121":{"start":{"line":122,"column":0},"end":{"line":122,"column":22}},"122":{"start":{"line":123,"column":0},"end":{"line":123,"column":37}},"123":{"start":{"line":124,"column":0},"end":{"line":124,"column":9}},"124":{"start":{"line":125,"column":0},"end":{"line":125,"column":63}},"125":{"start":{"line":126,"column":0},"end":{"line":126,"column":22}},"126":{"start":{"line":127,"column":0},"end":{"line":127,"column":35}},"127":{"start":{"line":128,"column":0},"end":{"line":128,"column":9}},"128":{"start":{"line":129,"column":0},"end":{"line":129,"column":39}},"129":{"start":{"line":130,"column":0},"end":{"line":130,"column":21}},"130":{"start":{"line":131,"column":0},"end":{"line":131,"column":36}},"131":{"start":{"line":132,"column":0},"end":{"line":132,"column":9}},"132":{"start":{"line":133,"column":0},"end":{"line":133,"column":36}},"133":{"start":{"line":134,"column":0},"end":{"line":134,"column":21}},"134":{"start":{"line":135,"column":0},"end":{"line":135,"column":33}},"135":{"start":{"line":136,"column":0},"end":{"line":136,"column":9}},"136":{"start":{"line":137,"column":0},"end":{"line":137,"column":46}},"137":{"start":{"line":138,"column":0},"end":{"line":138,"column":7}},"139":{"start":{"line":140,"column":0},"end":{"line":140,"column":52}},"140":{"start":{"line":141,"column":0},"end":{"line":141,"column":14}},"141":{"start":{"line":142,"column":0},"end":{"line":142,"column":16}},"142":{"start":{"line":143,"column":0},"end":{"line":143,"column":14}},"143":{"start":{"line":144,"column":0},"end":{"line":144,"column":68}},"144":{"start":{"line":145,"column":0},"end":{"line":145,"column":33}},"145":{"start":{"line":146,"column":0},"end":{"line":146,"column":8}},"146":{"start":{"line":147,"column":0},"end":{"line":147,"column":6}},"147":{"start":{"line":148,"column":0},"end":{"line":148,"column":172}},"148":{"start":{"line":149,"column":0},"end":{"line":149,"column":38}},"149":{"start":{"line":150,"column":0},"end":{"line":150,"column":18}},"150":{"start":{"line":151,"column":0},"end":{"line":151,"column":1}},"152":{"start":{"line":153,"column":0},"end":{"line":153,"column":63}},"153":{"start":{"line":154,"column":0},"end":{"line":154,"column":32}},"154":{"start":{"line":155,"column":0},"end":{"line":155,"column":101}},"155":{"start":{"line":156,"column":0},"end":{"line":156,"column":73}},"156":{"start":{"line":157,"column":0},"end":{"line":157,"column":72}},"157":{"start":{"line":158,"column":0},"end":{"line":158,"column":60}},"158":{"start":{"line":159,"column":0},"end":{"line":159,"column":14}},"159":{"start":{"line":160,"column":0},"end":{"line":160,"column":1}}},"s":{"26":5,"27":5,"28":5,"29":5,"30":5,"31":5,"32":5,"34":4,"35":4,"36":4,"37":4,"38":4,"39":4,"40":4,"41":4,"42":4,"43":4,"44":4,"45":4,"47":3,"48":3,"49":3,"50":3,"51":6,"52":6,"53":6,"54":3,"55":2,"56":2,"57":3,"58":3,"60":1,"61":5,"62":5,"68":5,"69":5,"70":5,"72":5,"73":5,"74":5,"75":5,"76":1,"77":1,"78":4,"79":5,"80":5,"81":4,"82":4,"83":4,"85":4,"86":4,"87":4,"88":4,"89":0,"90":0,"92":4,"93":2,"94":2,"95":2,"96":2,"97":2,"99":4,"100":1,"101":1,"102":1,"104":4,"106":4,"107":1,"108":1,"109":1,"110":1,"111":1,"112":1,"113":1,"115":4,"116":7,"117":1,"118":1,"119":1,"120":7,"121":1,"122":1,"123":1,"124":7,"125":3,"126":3,"127":3,"128":7,"129":1,"130":1,"131":1,"132":7,"133":2,"134":2,"135":2,"136":7,"137":7,"139":3,"140":3,"141":3,"142":3,"143":3,"144":3,"145":3,"146":5,"147":5,"148":5,"149":5,"150":5,"152":5,"153":5,"154":5,"155":5,"156":5,"157":5,"158":4,"159":4},"branchMap":{"0":{"type":"branch","line":27,"loc":{"start":{"line":27,"column":0},"end":{"line":33,"column":1}},"locations":[{"start":{"line":27,"column":0},"end":{"line":33,"column":1}}]},"1":{"type":"branch","line":31,"loc":{"start":{"line":31,"column":9},"end":{"line":31,"column":24}},"locations":[{"start":{"line":31,"column":9},"end":{"line":31,"column":24}}]},"2":{"type":"branch","line":32,"loc":{"start":{"line":32,"column":12},"end":{"line":32,"column":31}},"locations":[{"start":{"line":32,"column":12},"end":{"line":32,"column":31}}]},"3":{"type":"branch","line":35,"loc":{"start":{"line":35,"column":0},"end":{"line":46,"column":1}},"locations":[{"start":{"line":35,"column":0},"end":{"line":46,"column":1}}]},"4":{"type":"branch","line":39,"loc":{"start":{"line":39,"column":19},"end":{"line":39,"column":37}},"locations":[{"start":{"line":39,"column":19},"end":{"line":39,"column":37}}]},"5":{"type":"branch","line":48,"loc":{"start":{"line":48,"column":0},"end":{"line":59,"column":1}},"locations":[{"start":{"line":48,"column":0},"end":{"line":59,"column":1}}]},"6":{"type":"branch","line":51,"loc":{"start":{"line":51,"column":28},"end":{"line":54,"column":3}},"locations":[{"start":{"line":51,"column":28},"end":{"line":54,"column":3}}]},"7":{"type":"branch","line":53,"loc":{"start":{"line":53,"column":18},"end":{"line":53,"column":24}},"locations":[{"start":{"line":53,"column":18},"end":{"line":53,"column":24}}]},"8":{"type":"branch","line":55,"loc":{"start":{"line":55,"column":15},"end":{"line":58,"column":24}},"locations":[{"start":{"line":55,"column":15},"end":{"line":58,"column":24}}]},"9":{"type":"branch","line":55,"loc":{"start":{"line":55,"column":15},"end":{"line":55,"column":48}},"locations":[{"start":{"line":55,"column":15},"end":{"line":55,"column":48}}]},"10":{"type":"branch","line":58,"loc":{"start":{"line":58,"column":20},"end":{"line":58,"column":30}},"locations":[{"start":{"line":58,"column":20},"end":{"line":58,"column":30}}]},"11":{"type":"branch","line":58,"loc":{"start":{"line":58,"column":24},"end":{"line":58,"column":32}},"locations":[{"start":{"line":58,"column":24},"end":{"line":58,"column":32}}]},"12":{"type":"branch","line":58,"loc":{"start":{"line":58,"column":78},"end":{"line":58,"column":93}},"locations":[{"start":{"line":58,"column":78},"end":{"line":58,"column":93}}]},"13":{"type":"branch","line":58,"loc":{"start":{"line":58,"column":87},"end":{"line":58,"column":95}},"locations":[{"start":{"line":58,"column":87},"end":{"line":58,"column":95}}]},"14":{"type":"branch","line":61,"loc":{"start":{"line":61,"column":7},"end":{"line":151,"column":1}},"locations":[{"start":{"line":61,"column":7},"end":{"line":151,"column":1}}]},"15":{"type":"branch","line":74,"loc":{"start":{"line":74,"column":12},"end":{"line":80,"column":5}},"locations":[{"start":{"line":74,"column":12},"end":{"line":80,"column":5}}]},"16":{"type":"branch","line":75,"loc":{"start":{"line":75,"column":16},"end":{"line":75,"column":50}},"locations":[{"start":{"line":75,"column":16},"end":{"line":75,"column":50}}]},"17":{"type":"branch","line":75,"loc":{"start":{"line":75,"column":50},"end":{"line":75,"column":63}},"locations":[{"start":{"line":75,"column":50},"end":{"line":75,"column":63}}]},"18":{"type":"branch","line":76,"loc":{"start":{"line":76,"column":60},"end":{"line":76,"column":106}},"locations":[{"start":{"line":76,"column":60},"end":{"line":76,"column":106}}]},"19":{"type":"branch","line":76,"loc":{"start":{"line":76,"column":106},"end":{"line":78,"column":7}},"locations":[{"start":{"line":76,"column":106},"end":{"line":78,"column":7}}]},"20":{"type":"branch","line":78,"loc":{"start":{"line":78,"column":6},"end":{"line":79,"column":18}},"locations":[{"start":{"line":78,"column":6},"end":{"line":79,"column":18}}]},"21":{"type":"branch","line":81,"loc":{"start":{"line":81,"column":9},"end":{"line":147,"column":5}},"locations":[{"start":{"line":81,"column":9},"end":{"line":147,"column":5}}]},"22":{"type":"branch","line":89,"loc":{"start":{"line":89,"column":6},"end":{"line":91,"column":7}},"locations":[{"start":{"line":89,"column":6},"end":{"line":91,"column":7}}]},"23":{"type":"branch","line":93,"loc":{"start":{"line":93,"column":16},"end":{"line":93,"column":56}},"locations":[{"start":{"line":93,"column":16},"end":{"line":93,"column":56}}]},"24":{"type":"branch","line":93,"loc":{"start":{"line":93,"column":56},"end":{"line":98,"column":7}},"locations":[{"start":{"line":93,"column":56},"end":{"line":98,"column":7}}]},"25":{"type":"branch","line":100,"loc":{"start":{"line":100,"column":10},"end":{"line":100,"column":46}},"locations":[{"start":{"line":100,"column":10},"end":{"line":100,"column":46}}]},"26":{"type":"branch","line":100,"loc":{"start":{"line":100,"column":46},"end":{"line":103,"column":7}},"locations":[{"start":{"line":100,"column":46},"end":{"line":103,"column":7}}]},"27":{"type":"branch","line":107,"loc":{"start":{"line":107,"column":30},"end":{"line":116,"column":32}},"locations":[{"start":{"line":107,"column":30},"end":{"line":116,"column":32}}]},"28":{"type":"branch","line":107,"loc":{"start":{"line":107,"column":30},"end":{"line":114,"column":7}},"locations":[{"start":{"line":107,"column":30},"end":{"line":114,"column":7}}]},"29":{"type":"branch","line":116,"loc":{"start":{"line":116,"column":32},"end":{"line":138,"column":7}},"locations":[{"start":{"line":116,"column":32},"end":{"line":138,"column":7}}]},"30":{"type":"branch","line":117,"loc":{"start":{"line":117,"column":36},"end":{"line":120,"column":9}},"locations":[{"start":{"line":117,"column":36},"end":{"line":120,"column":9}}]},"31":{"type":"branch","line":121,"loc":{"start":{"line":121,"column":36},"end":{"line":121,"column":67}},"locations":[{"start":{"line":121,"column":36},"end":{"line":121,"column":67}}]},"32":{"type":"branch","line":121,"loc":{"start":{"line":121,"column":67},"end":{"line":124,"column":9}},"locations":[{"start":{"line":121,"column":67},"end":{"line":124,"column":9}}]},"33":{"type":"branch","line":125,"loc":{"start":{"line":125,"column":34},"end":{"line":125,"column":62}},"locations":[{"start":{"line":125,"column":34},"end":{"line":125,"column":62}}]},"34":{"type":"branch","line":125,"loc":{"start":{"line":125,"column":62},"end":{"line":128,"column":9}},"locations":[{"start":{"line":125,"column":62},"end":{"line":128,"column":9}}]},"35":{"type":"branch","line":129,"loc":{"start":{"line":129,"column":38},"end":{"line":132,"column":9}},"locations":[{"start":{"line":129,"column":38},"end":{"line":132,"column":9}}]},"36":{"type":"branch","line":133,"loc":{"start":{"line":133,"column":35},"end":{"line":136,"column":9}},"locations":[{"start":{"line":133,"column":35},"end":{"line":136,"column":9}}]},"37":{"type":"branch","line":137,"loc":{"start":{"line":137,"column":35},"end":{"line":137,"column":46}},"locations":[{"start":{"line":137,"column":35},"end":{"line":137,"column":46}}]},"38":{"type":"branch","line":138,"loc":{"start":{"line":138,"column":6},"end":{"line":146,"column":8}},"locations":[{"start":{"line":138,"column":6},"end":{"line":146,"column":8}}]},"39":{"type":"branch","line":148,"loc":{"start":{"line":148,"column":12},"end":{"line":148,"column":171}},"locations":[{"start":{"line":148,"column":12},"end":{"line":148,"column":171}}]},"40":{"type":"branch","line":148,"loc":{"start":{"line":148,"column":39},"end":{"line":148,"column":50}},"locations":[{"start":{"line":148,"column":39},"end":{"line":148,"column":50}}]},"41":{"type":"branch","line":148,"loc":{"start":{"line":148,"column":43},"end":{"line":148,"column":171}},"locations":[{"start":{"line":148,"column":43},"end":{"line":148,"column":171}}]},"42":{"type":"branch","line":148,"loc":{"start":{"line":148,"column":63},"end":{"line":148,"column":103}},"locations":[{"start":{"line":148,"column":63},"end":{"line":148,"column":103}}]},"43":{"type":"branch","line":148,"loc":{"start":{"line":148,"column":98},"end":{"line":148,"column":137}},"locations":[{"start":{"line":148,"column":98},"end":{"line":148,"column":137}}]},"44":{"type":"branch","line":148,"loc":{"start":{"line":148,"column":132},"end":{"line":148,"column":171}},"locations":[{"start":{"line":148,"column":132},"end":{"line":148,"column":171}}]},"45":{"type":"branch","line":153,"loc":{"start":{"line":153,"column":0},"end":{"line":160,"column":1}},"locations":[{"start":{"line":153,"column":0},"end":{"line":160,"column":1}}]},"46":{"type":"branch","line":155,"loc":{"start":{"line":155,"column":79},"end":{"line":155,"column":101}},"locations":[{"start":{"line":155,"column":79},"end":{"line":155,"column":101}}]},"47":{"type":"branch","line":155,"loc":{"start":{"line":155,"column":86},"end":{"line":156,"column":61}},"locations":[{"start":{"line":155,"column":86},"end":{"line":156,"column":61}}]},"48":{"type":"branch","line":156,"loc":{"start":{"line":156,"column":54},"end":{"line":156,"column":73}},"locations":[{"start":{"line":156,"column":54},"end":{"line":156,"column":73}}]},"49":{"type":"branch","line":156,"loc":{"start":{"line":156,"column":61},"end":{"line":157,"column":62}},"locations":[{"start":{"line":156,"column":61},"end":{"line":157,"column":62}}]},"50":{"type":"branch","line":157,"loc":{"start":{"line":157,"column":55},"end":{"line":157,"column":72}},"locations":[{"start":{"line":157,"column":55},"end":{"line":157,"column":72}}]},"51":{"type":"branch","line":157,"loc":{"start":{"line":157,"column":62},"end":{"line":158,"column":51}},"locations":[{"start":{"line":157,"column":62},"end":{"line":158,"column":51}}]},"52":{"type":"branch","line":158,"loc":{"start":{"line":158,"column":44},"end":{"line":158,"column":60}},"locations":[{"start":{"line":158,"column":44},"end":{"line":158,"column":60}}]},"53":{"type":"branch","line":158,"loc":{"start":{"line":158,"column":51},"end":{"line":160,"column":1}},"locations":[{"start":{"line":158,"column":51},"end":{"line":160,"column":1}}]}},"b":{"0":[5],"1":[10],"2":[10],"3":[4],"4":[2],"5":[3],"6":[6],"7":[2],"8":[2],"9":[1],"10":[0],"11":[2],"12":[0],"13":[2],"14":[5],"15":[5],"16":[0],"17":[0],"18":[1],"19":[1],"20":[4],"21":[4],"22":[0],"23":[2],"24":[2],"25":[1],"26":[1],"27":[3],"28":[1],"29":[7],"30":[1],"31":[6],"32":[1],"33":[4],"34":[3],"35":[1],"36":[2],"37":[1],"38":[3],"39":[4],"40":[1],"41":[3],"42":[0],"43":[0],"44":[0],"45":[5],"46":[1],"47":[4],"48":[0],"49":[4],"50":[0],"51":[4],"52":[0],"53":[4]},"fnMap":{"0":{"name":"tokenize","decl":{"start":{"line":27,"column":0},"end":{"line":33,"column":1}},"loc":{"start":{"line":27,"column":0},"end":{"line":33,"column":1}},"line":27},"1":{"name":"haystack","decl":{"start":{"line":35,"column":0},"end":{"line":46,"column":1}},"loc":{"start":{"line":35,"column":0},"end":{"line":46,"column":1}},"line":35},"2":{"name":"snippetFrom","decl":{"start":{"line":48,"column":0},"end":{"line":59,"column":1}},"loc":{"start":{"line":48,"column":0},"end":{"line":59,"column":1}},"line":48},"3":{"name":"rankLegalInstruments","decl":{"start":{"line":61,"column":7},"end":{"line":151,"column":1}},"loc":{"start":{"line":61,"column":7},"end":{"line":151,"column":1}},"line":61},"4":{"name":"detectKindHint","decl":{"start":{"line":153,"column":0},"end":{"line":160,"column":1}},"loc":{"start":{"line":153,"column":0},"end":{"line":160,"column":1}},"line":153}},"f":{"0":5,"1":4,"2":3,"3":5,"4":5}}
,"/Users/mayank.narula/Documents/Workspace/personal/LegalAid/src/domain/subscription/entitlements.ts": {"path":"/Users/mayank.narula/Documents/Workspace/personal/LegalAid/src/domain/subscription/entitlements.ts","all":false,"statementMap":{"1":{"start":{"line":2,"column":0},"end":{"line":2,"column":40}},"24":{"start":{"line":25,"column":0},"end":{"line":25,"column":95}},"25":{"start":{"line":26,"column":0},"end":{"line":26,"column":37}},"26":{"start":{"line":27,"column":0},"end":{"line":27,"column":10}},"27":{"start":{"line":28,"column":0},"end":{"line":28,"column":9}},"28":{"start":{"line":29,"column":0},"end":{"line":29,"column":11}},"29":{"start":{"line":30,"column":0},"end":{"line":30,"column":10}},"30":{"start":{"line":31,"column":0},"end":{"line":31,"column":26}},"31":{"start":{"line":32,"column":0},"end":{"line":32,"column":4}},"32":{"start":{"line":33,"column":0},"end":{"line":33,"column":1}},"34":{"start":{"line":35,"column":0},"end":{"line":35,"column":99}},"35":{"start":{"line":36,"column":0},"end":{"line":36,"column":41}},"36":{"start":{"line":37,"column":0},"end":{"line":37,"column":20}},"37":{"start":{"line":38,"column":0},"end":{"line":38,"column":23}},"38":{"start":{"line":39,"column":0},"end":{"line":39,"column":83}},"39":{"start":{"line":40,"column":0},"end":{"line":40,"column":24}},"40":{"start":{"line":41,"column":0},"end":{"line":41,"column":105}},"41":{"start":{"line":42,"column":0},"end":{"line":42,"column":21}},"42":{"start":{"line":43,"column":0},"end":{"line":43,"column":99}},"43":{"start":{"line":44,"column":0},"end":{"line":44,"column":30}},"44":{"start":{"line":45,"column":0},"end":{"line":45,"column":14}},"45":{"start":{"line":46,"column":0},"end":{"line":46,"column":49}},"46":{"start":{"line":47,"column":0},"end":{"line":47,"column":70}},"48":{"start":{"line":49,"column":0},"end":{"line":49,"column":30}},"49":{"start":{"line":50,"column":0},"end":{"line":50,"column":37}},"50":{"start":{"line":51,"column":0},"end":{"line":51,"column":12}},"51":{"start":{"line":52,"column":0},"end":{"line":52,"column":19}},"52":{"start":{"line":53,"column":0},"end":{"line":53,"column":3}},"53":{"start":{"line":54,"column":0},"end":{"line":54,"column":1}},"55":{"start":{"line":56,"column":0},"end":{"line":56,"column":70}},"56":{"start":{"line":57,"column":0},"end":{"line":57,"column":20}},"57":{"start":{"line":58,"column":0},"end":{"line":58,"column":23}},"58":{"start":{"line":59,"column":0},"end":{"line":59,"column":96}},"59":{"start":{"line":60,"column":0},"end":{"line":60,"column":24}},"60":{"start":{"line":61,"column":0},"end":{"line":61,"column":109}},"61":{"start":{"line":62,"column":0},"end":{"line":62,"column":21}},"62":{"start":{"line":63,"column":0},"end":{"line":63,"column":104}},"63":{"start":{"line":64,"column":0},"end":{"line":64,"column":30}},"64":{"start":{"line":65,"column":0},"end":{"line":65,"column":117}},"65":{"start":{"line":66,"column":0},"end":{"line":66,"column":30}},"66":{"start":{"line":67,"column":0},"end":{"line":67,"column":57}},"67":{"start":{"line":68,"column":0},"end":{"line":68,"column":12}},"68":{"start":{"line":69,"column":0},"end":{"line":69,"column":51}},"69":{"start":{"line":70,"column":0},"end":{"line":70,"column":3}},"70":{"start":{"line":71,"column":0},"end":{"line":71,"column":1}}},"s":{"1":1,"24":1,"25":7,"26":7,"27":7,"28":7,"29":7,"30":7,"31":7,"32":7,"34":1,"35":9,"36":9,"37":9,"38":3,"39":9,"40":1,"41":9,"42":1,"43":9,"44":1,"45":1,"46":1,"48":9,"49":2,"50":9,"51":1,"52":9,"53":9,"55":1,"56":6,"57":6,"58":2,"59":6,"60":1,"61":6,"62":1,"63":6,"64":1,"65":6,"66":1,"67":6,"68":0,"69":6,"70":6},"branchMap":{"0":{"type":"branch","line":25,"loc":{"start":{"line":25,"column":7},"end":{"line":33,"column":1}},"locations":[{"start":{"line":25,"column":7},"end":{"line":33,"column":1}}]},"1":{"type":"branch","line":35,"loc":{"start":{"line":35,"column":7},"end":{"line":54,"column":1}},"locations":[{"start":{"line":35,"column":7},"end":{"line":54,"column":1}}]},"2":{"type":"branch","line":38,"loc":{"start":{"line":38,"column":4},"end":{"line":39,"column":83}},"locations":[{"start":{"line":38,"column":4},"end":{"line":39,"column":83}}]},"3":{"type":"branch","line":39,"loc":{"start":{"line":39,"column":37},"end":{"line":39,"column":83}},"locations":[{"start":{"line":39,"column":37},"end":{"line":39,"column":83}}]},"4":{"type":"branch","line":40,"loc":{"start":{"line":40,"column":4},"end":{"line":41,"column":105}},"locations":[{"start":{"line":40,"column":4},"end":{"line":41,"column":105}}]},"5":{"type":"branch","line":42,"loc":{"start":{"line":42,"column":4},"end":{"line":43,"column":99}},"locations":[{"start":{"line":42,"column":4},"end":{"line":43,"column":99}}]},"6":{"type":"branch","line":44,"loc":{"start":{"line":44,"column":4},"end":{"line":47,"column":70}},"locations":[{"start":{"line":44,"column":4},"end":{"line":47,"column":70}}]},"7":{"type":"branch","line":49,"loc":{"start":{"line":49,"column":4},"end":{"line":50,"column":37}},"locations":[{"start":{"line":49,"column":4},"end":{"line":50,"column":37}}]},"8":{"type":"branch","line":51,"loc":{"start":{"line":51,"column":4},"end":{"line":52,"column":19}},"locations":[{"start":{"line":51,"column":4},"end":{"line":52,"column":19}}]},"9":{"type":"branch","line":56,"loc":{"start":{"line":56,"column":7},"end":{"line":71,"column":1}},"locations":[{"start":{"line":56,"column":7},"end":{"line":71,"column":1}}]},"10":{"type":"branch","line":58,"loc":{"start":{"line":58,"column":4},"end":{"line":59,"column":96}},"locations":[{"start":{"line":58,"column":4},"end":{"line":59,"column":96}}]},"11":{"type":"branch","line":60,"loc":{"start":{"line":60,"column":4},"end":{"line":61,"column":109}},"locations":[{"start":{"line":60,"column":4},"end":{"line":61,"column":109}}]},"12":{"type":"branch","line":62,"loc":{"start":{"line":62,"column":4},"end":{"line":63,"column":104}},"locations":[{"start":{"line":62,"column":4},"end":{"line":63,"column":104}}]},"13":{"type":"branch","line":64,"loc":{"start":{"line":64,"column":4},"end":{"line":65,"column":117}},"locations":[{"start":{"line":64,"column":4},"end":{"line":65,"column":117}}]},"14":{"type":"branch","line":66,"loc":{"start":{"line":66,"column":4},"end":{"line":67,"column":57}},"locations":[{"start":{"line":66,"column":4},"end":{"line":67,"column":57}}]},"15":{"type":"branch","line":68,"loc":{"start":{"line":68,"column":4},"end":{"line":69,"column":51}},"locations":[{"start":{"line":68,"column":4},"end":{"line":69,"column":51}}]}},"b":{"0":[7],"1":[9],"2":[3],"3":[2],"4":[1],"5":[1],"6":[1],"7":[2],"8":[1],"9":[6],"10":[2],"11":[1],"12":[1],"13":[1],"14":[1],"15":[0]},"fnMap":{"0":{"name":"buildEntitlements","decl":{"start":{"line":25,"column":7},"end":{"line":33,"column":1}},"loc":{"start":{"line":25,"column":7},"end":{"line":33,"column":1}},"line":25},"1":{"name":"featureAllowed","decl":{"start":{"line":35,"column":7},"end":{"line":54,"column":1}},"loc":{"start":{"line":35,"column":7},"end":{"line":54,"column":1}},"line":35},"2":{"name":"upgradeMessage","decl":{"start":{"line":56,"column":7},"end":{"line":71,"column":1}},"loc":{"start":{"line":56,"column":7},"end":{"line":71,"column":1}},"line":56}},"f":{"0":7,"1":9,"2":6}}
,"/Users/mayank.narula/Documents/Workspace/personal/LegalAid/src/domain/subscription/plans.ts": {"path":"/Users/mayank.narula/Documents/Workspace/personal/LegalAid/src/domain/subscription/plans.ts","all":false,"statementMap":{"0":{"start":{"line":1,"column":0},"end":{"line":1,"column":59}},"3":{"start":{"line":4,"column":0},"end":{"line":4,"column":101}},"14":{"start":{"line":15,"column":0},"end":{"line":15,"column":34}},"17":{"start":{"line":18,"column":0},"end":{"line":18,"column":5}},"18":{"start":{"line":19,"column":0},"end":{"line":19,"column":9}},"19":{"start":{"line":20,"column":0},"end":{"line":20,"column":26}},"20":{"start":{"line":21,"column":0},"end":{"line":21,"column":18}},"21":{"start":{"line":22,"column":0},"end":{"line":22,"column":73}},"22":{"start":{"line":23,"column":0},"end":{"line":23,"column":13}},"23":{"start":{"line":24,"column":0},"end":{"line":24,"column":22}},"24":{"start":{"line":25,"column":0},"end":{"line":25,"column":29}},"25":{"start":{"line":26,"column":0},"end":{"line":26,"column":27}},"26":{"start":{"line":27,"column":0},"end":{"line":27,"column":32}},"27":{"start":{"line":28,"column":0},"end":{"line":28,"column":30}},"28":{"start":{"line":29,"column":0},"end":{"line":29,"column":6}},"29":{"start":{"line":30,"column":0},"end":{"line":30,"column":4}},"30":{"start":{"line":31,"column":0},"end":{"line":31,"column":8}},"31":{"start":{"line":32,"column":0},"end":{"line":32,"column":25}},"32":{"start":{"line":33,"column":0},"end":{"line":33,"column":19}},"33":{"start":{"line":34,"column":0},"end":{"line":34,"column":90}},"34":{"start":{"line":35,"column":0},"end":{"line":35,"column":13}},"35":{"start":{"line":36,"column":0},"end":{"line":36,"column":25}},"36":{"start":{"line":37,"column":0},"end":{"line":37,"column":32}},"37":{"start":{"line":38,"column":0},"end":{"line":38,"column":30}},"38":{"start":{"line":39,"column":0},"end":{"line":39,"column":35}},"39":{"start":{"line":40,"column":0},"end":{"line":40,"column":29}},"40":{"start":{"line":41,"column":0},"end":{"line":41,"column":6}},"41":{"start":{"line":42,"column":0},"end":{"line":42,"column":4}},"42":{"start":{"line":43,"column":0},"end":{"line":43,"column":2}},"44":{"start":{"line":45,"column":0},"end":{"line":45,"column":67}},"45":{"start":{"line":46,"column":0},"end":{"line":46,"column":35}},"46":{"start":{"line":47,"column":0},"end":{"line":47,"column":1}}},"s":{"0":1,"3":1,"14":1,"17":1,"18":1,"19":1,"20":1,"21":1,"22":1,"23":1,"24":1,"25":1,"26":1,"27":1,"28":1,"29":1,"30":1,"31":1,"32":1,"33":1,"34":1,"35":1,"36":1,"37":1,"38":1,"39":1,"40":1,"41":1,"42":1,"44":1,"45":9,"46":9},"branchMap":{"0":{"type":"branch","line":45,"loc":{"start":{"line":45,"column":7},"end":{"line":47,"column":1}},"locations":[{"start":{"line":45,"column":7},"end":{"line":47,"column":1}}]}},"b":{"0":[9]},"fnMap":{"0":{"name":"limitsForPlan","decl":{"start":{"line":45,"column":7},"end":{"line":47,"column":1}},"loc":{"start":{"line":45,"column":7},"end":{"line":47,"column":1}},"line":45}},"f":{"0":9}}
,"/Users/mayank.narula/Documents/Workspace/personal/LegalAid/src/infrastructure/ai/heuristic-judge.ts": {"path":"/Users/mayank.narula/Documents/Workspace/personal/LegalAid/src/infrastructure/ai/heuristic-judge.ts","all":false,"statementMap":{"2":{"start":{"line":3,"column":0},"end":{"line":3,"column":39}},"3":{"start":{"line":4,"column":0},"end":{"line":4,"column":52}},"4":{"start":{"line":5,"column":0},"end":{"line":5,"column":61}},"5":{"start":{"line":6,"column":0},"end":{"line":6,"column":61}},"6":{"start":{"line":7,"column":0},"end":{"line":7,"column":62}},"7":{"start":{"line":8,"column":0},"end":{"line":8,"column":24}},"8":{"start":{"line":9,"column":0},"end":{"line":9,"column":1}},"10":{"start":{"line":11,"column":0},"end":{"line":11,"column":52}},"11":{"start":{"line":12,"column":0},"end":{"line":12,"column":57}},"12":{"start":{"line":13,"column":0},"end":{"line":13,"column":48}},"13":{"start":{"line":14,"column":0},"end":{"line":14,"column":54}},"14":{"start":{"line":15,"column":0},"end":{"line":15,"column":79}},"15":{"start":{"line":16,"column":0},"end":{"line":16,"column":82}},"16":{"start":{"line":17,"column":0},"end":{"line":17,"column":66}},"18":{"start":{"line":19,"column":0},"end":{"line":19,"column":18}},"19":{"start":{"line":20,"column":0},"end":{"line":20,"column":266}},"20":{"start":{"line":21,"column":0},"end":{"line":21,"column":5}},"21":{"start":{"line":22,"column":0},"end":{"line":22,"column":24}},"22":{"start":{"line":23,"column":0},"end":{"line":23,"column":214}},"23":{"start":{"line":24,"column":0},"end":{"line":24,"column":5}},"24":{"start":{"line":25,"column":0},"end":{"line":25,"column":22}},"25":{"start":{"line":26,"column":0},"end":{"line":26,"column":225}},"26":{"start":{"line":27,"column":0},"end":{"line":27,"column":5}},"27":{"start":{"line":28,"column":0},"end":{"line":28,"column":40}},"28":{"start":{"line":29,"column":0},"end":{"line":29,"column":237}},"29":{"start":{"line":30,"column":0},"end":{"line":30,"column":5}},"30":{"start":{"line":31,"column":0},"end":{"line":31,"column":232}},"31":{"start":{"line":32,"column":0},"end":{"line":32,"column":3}},"33":{"start":{"line":34,"column":0},"end":{"line":34,"column":54}},"34":{"start":{"line":35,"column":0},"end":{"line":35,"column":48}},"35":{"start":{"line":36,"column":0},"end":{"line":36,"column":907}},"36":{"start":{"line":37,"column":0},"end":{"line":37,"column":3}},"38":{"start":{"line":39,"column":0},"end":{"line":39,"column":28}},"43":{"start":{"line":44,"column":0},"end":{"line":44,"column":23}},"44":{"start":{"line":45,"column":0},"end":{"line":45,"column":18}},"45":{"start":{"line":46,"column":0},"end":{"line":46,"column":29}},"46":{"start":{"line":47,"column":0},"end":{"line":47,"column":54}},"47":{"start":{"line":48,"column":0},"end":{"line":48,"column":53}},"48":{"start":{"line":49,"column":0},"end":{"line":49,"column":498}},"49":{"start":{"line":50,"column":0},"end":{"line":50,"column":3}},"51":{"start":{"line":52,"column":0},"end":{"line":52,"column":27}},"58":{"start":{"line":59,"column":0},"end":{"line":59,"column":23}},"59":{"start":{"line":60,"column":0},"end":{"line":60,"column":18}},"60":{"start":{"line":61,"column":0},"end":{"line":61,"column":29}},"61":{"start":{"line":62,"column":0},"end":{"line":62,"column":51}},"62":{"start":{"line":63,"column":0},"end":{"line":63,"column":33}},"63":{"start":{"line":64,"column":0},"end":{"line":64,"column":59}},"64":{"start":{"line":65,"column":0},"end":{"line":65,"column":35}},"65":{"start":{"line":66,"column":0},"end":{"line":66,"column":74}},"66":{"start":{"line":67,"column":0},"end":{"line":67,"column":37}},"67":{"start":{"line":68,"column":0},"end":{"line":68,"column":63}},"68":{"start":{"line":69,"column":0},"end":{"line":69,"column":57}},"69":{"start":{"line":70,"column":0},"end":{"line":70,"column":37}},"70":{"start":{"line":71,"column":0},"end":{"line":71,"column":43}},"71":{"start":{"line":72,"column":0},"end":{"line":72,"column":91}},"72":{"start":{"line":73,"column":0},"end":{"line":73,"column":331}},"73":{"start":{"line":74,"column":0},"end":{"line":74,"column":3}},"74":{"start":{"line":75,"column":0},"end":{"line":75,"column":1}}},"s":{"2":10,"3":10,"4":10,"5":10,"6":10,"7":7,"8":7,"10":1,"11":1,"12":9,"13":9,"14":9,"15":9,"16":9,"18":9,"19":1,"20":1,"21":9,"22":2,"23":2,"24":9,"25":1,"26":1,"27":9,"28":1,"29":1,"30":4,"31":9,"33":1,"34":1,"35":1,"36":1,"38":1,"43":2,"44":2,"45":2,"46":1,"47":1,"48":2,"49":2,"51":1,"58":2,"59":2,"60":2,"61":1,"62":1,"63":0,"64":1,"65":0,"66":1,"67":0,"68":1,"69":2,"70":1,"71":1,"72":2,"73":2,"74":1},"branchMap":{"0":{"type":"branch","line":3,"loc":{"start":{"line":3,"column":0},"end":{"line":9,"column":1}},"locations":[{"start":{"line":3,"column":0},"end":{"line":9,"column":1}}]},"1":{"type":"branch","line":4,"loc":{"start":{"line":4,"column":25},"end":{"line":4,"column":52}},"locations":[{"start":{"line":4,"column":25},"end":{"line":4,"column":52}}]},"2":{"type":"branch","line":5,"loc":{"start":{"line":5,"column":25},"end":{"line":5,"column":61}},"locations":[{"start":{"line":5,"column":25},"end":{"line":5,"column":61}}]},"3":{"type":"branch","line":5,"loc":{"start":{"line":5,"column":32},"end":{"line":6,"column":32}},"locations":[{"start":{"line":5,"column":32},"end":{"line":6,"column":32}}]},"4":{"type":"branch","line":6,"loc":{"start":{"line":6,"column":25},"end":{"line":6,"column":61}},"locations":[{"start":{"line":6,"column":25},"end":{"line":6,"column":61}}]},"5":{"type":"branch","line":6,"loc":{"start":{"line":6,"column":32},"end":{"line":7,"column":32}},"locations":[{"start":{"line":6,"column":32},"end":{"line":7,"column":32}}]},"6":{"type":"branch","line":7,"loc":{"start":{"line":7,"column":25},"end":{"line":7,"column":62}},"locations":[{"start":{"line":7,"column":25},"end":{"line":7,"column":62}}]},"7":{"type":"branch","line":7,"loc":{"start":{"line":7,"column":32},"end":{"line":9,"column":1}},"locations":[{"start":{"line":7,"column":32},"end":{"line":9,"column":1}}]},"8":{"type":"branch","line":12,"loc":{"start":{"line":12,"column":2},"end":{"line":32,"column":3}},"locations":[{"start":{"line":12,"column":2},"end":{"line":32,"column":3}}]},"9":{"type":"branch","line":19,"loc":{"start":{"line":19,"column":17},"end":{"line":21,"column":5}},"locations":[{"start":{"line":19,"column":17},"end":{"line":21,"column":5}}]},"10":{"type":"branch","line":21,"loc":{"start":{"line":21,"column":4},"end":{"line":22,"column":23}},"locations":[{"start":{"line":21,"column":4},"end":{"line":22,"column":23}}]},"11":{"type":"branch","line":22,"loc":{"start":{"line":22,"column":23},"end":{"line":24,"column":5}},"locations":[{"start":{"line":22,"column":23},"end":{"line":24,"column":5}}]},"12":{"type":"branch","line":24,"loc":{"start":{"line":24,"column":4},"end":{"line":25,"column":21}},"locations":[{"start":{"line":24,"column":4},"end":{"line":25,"column":21}}]},"13":{"type":"branch","line":25,"loc":{"start":{"line":25,"column":21},"end":{"line":27,"column":5}},"locations":[{"start":{"line":25,"column":21},"end":{"line":27,"column":5}}]},"14":{"type":"branch","line":27,"loc":{"start":{"line":27,"column":4},"end":{"line":28,"column":39}},"locations":[{"start":{"line":27,"column":4},"end":{"line":28,"column":39}}]},"15":{"type":"branch","line":28,"loc":{"start":{"line":28,"column":39},"end":{"line":30,"column":5}},"locations":[{"start":{"line":28,"column":39},"end":{"line":30,"column":5}}]},"16":{"type":"branch","line":30,"loc":{"start":{"line":30,"column":4},"end":{"line":31,"column":232}},"locations":[{"start":{"line":30,"column":4},"end":{"line":31,"column":232}}]},"17":{"type":"branch","line":34,"loc":{"start":{"line":34,"column":2},"end":{"line":37,"column":3}},"locations":[{"start":{"line":34,"column":2},"end":{"line":37,"column":3}}]},"18":{"type":"branch","line":39,"loc":{"start":{"line":39,"column":2},"end":{"line":50,"column":3}},"locations":[{"start":{"line":39,"column":2},"end":{"line":50,"column":3}}]},"19":{"type":"branch","line":46,"loc":{"start":{"line":46,"column":25},"end":{"line":47,"column":54}},"locations":[{"start":{"line":46,"column":25},"end":{"line":47,"column":54}}]},"20":{"type":"branch","line":47,"loc":{"start":{"line":47,"column":10},"end":{"line":48,"column":53}},"locations":[{"start":{"line":47,"column":10},"end":{"line":48,"column":53}}]},"21":{"type":"branch","line":52,"loc":{"start":{"line":52,"column":2},"end":{"line":74,"column":3}},"locations":[{"start":{"line":52,"column":2},"end":{"line":74,"column":3}}]},"22":{"type":"branch","line":61,"loc":{"start":{"line":61,"column":25},"end":{"line":62,"column":51}},"locations":[{"start":{"line":61,"column":25},"end":{"line":62,"column":51}}]},"23":{"type":"branch","line":62,"loc":{"start":{"line":62,"column":10},"end":{"line":69,"column":57}},"locations":[{"start":{"line":62,"column":10},"end":{"line":69,"column":57}}]},"24":{"type":"branch","line":63,"loc":{"start":{"line":63,"column":29},"end":{"line":64,"column":59}},"locations":[{"start":{"line":63,"column":29},"end":{"line":64,"column":59}}]},"25":{"type":"branch","line":65,"loc":{"start":{"line":65,"column":31},"end":{"line":66,"column":74}},"locations":[{"start":{"line":65,"column":31},"end":{"line":66,"column":74}}]},"26":{"type":"branch","line":67,"loc":{"start":{"line":67,"column":33},"end":{"line":68,"column":63}},"locations":[{"start":{"line":67,"column":33},"end":{"line":68,"column":63}}]},"27":{"type":"branch","line":70,"loc":{"start":{"line":70,"column":36},"end":{"line":71,"column":43}},"locations":[{"start":{"line":70,"column":36},"end":{"line":71,"column":43}}]},"28":{"type":"branch","line":71,"loc":{"start":{"line":71,"column":41},"end":{"line":72,"column":91}},"locations":[{"start":{"line":71,"column":41},"end":{"line":72,"column":91}}]}},"b":{"0":[10],"1":[0],"2":[1],"3":[9],"4":[1],"5":[8],"6":[1],"7":[7],"8":[9],"9":[1],"10":[8],"11":[2],"12":[6],"13":[1],"14":[5],"15":[1],"16":[4],"17":[1],"18":[2],"19":[1],"20":[1],"21":[2],"22":[1],"23":[1],"24":[0],"25":[0],"26":[0],"27":[1],"28":[1]},"fnMap":{"0":{"name":"langPrefix","decl":{"start":{"line":3,"column":0},"end":{"line":9,"column":1}},"loc":{"start":{"line":3,"column":0},"end":{"line":9,"column":1}},"line":3},"1":{"name":"respond","decl":{"start":{"line":12,"column":2},"end":{"line":32,"column":3}},"loc":{"start":{"line":12,"column":2},"end":{"line":32,"column":3}},"line":12},"2":{"name":"rule","decl":{"start":{"line":34,"column":2},"end":{"line":37,"column":3}},"loc":{"start":{"line":34,"column":2},"end":{"line":37,"column":3}},"line":34},"3":{"name":"answerDoubt","decl":{"start":{"line":39,"column":2},"end":{"line":50,"column":3}},"loc":{"start":{"line":39,"column":2},"end":{"line":50,"column":3}},"line":39},"4":{"name":"explainLaw","decl":{"start":{"line":52,"column":2},"end":{"line":74,"column":3}},"loc":{"start":{"line":52,"column":2},"end":{"line":74,"column":3}},"line":52}},"f":{"0":10,"1":9,"2":1,"3":2,"4":2}}
,"/Users/mayank.narula/Documents/Workspace/personal/LegalAid/src/infrastructure/http/json-error.ts": {"path":"/Users/mayank.narula/Documents/Workspace/personal/LegalAid/src/infrastructure/http/json-error.ts","all":false,"statementMap":{"0":{"start":{"line":1,"column":0},"end":{"line":1,"column":43}},"1":{"start":{"line":2,"column":0},"end":{"line":2,"column":46}},"2":{"start":{"line":3,"column":0},"end":{"line":3,"column":24}},"4":{"start":{"line":5,"column":0},"end":{"line":5,"column":43}},"5":{"start":{"line":6,"column":0},"end":{"line":6,"column":37}},"6":{"start":{"line":7,"column":0},"end":{"line":7,"column":99}},"7":{"start":{"line":8,"column":0},"end":{"line":8,"column":3}},"8":{"start":{"line":9,"column":0},"end":{"line":9,"column":36}},"9":{"start":{"line":10,"column":0},"end":{"line":10,"column":122}},"10":{"start":{"line":11,"column":0},"end":{"line":11,"column":3}},"11":{"start":{"line":12,"column":0},"end":{"line":12,"column":23}},"12":{"start":{"line":13,"column":0},"end":{"line":13,"column":93}},"13":{"start":{"line":14,"column":0},"end":{"line":14,"column":1}}},"s":{"0":1,"1":1,"2":1,"4":1,"5":3,"6":1,"7":1,"8":3,"9":1,"10":1,"11":1,"12":1,"13":1},"branchMap":{"0":{"type":"branch","line":5,"loc":{"start":{"line":5,"column":7},"end":{"line":14,"column":1}},"locations":[{"start":{"line":5,"column":7},"end":{"line":14,"column":1}}]},"1":{"type":"branch","line":6,"loc":{"start":{"line":6,"column":36},"end":{"line":8,"column":3}},"locations":[{"start":{"line":6,"column":36},"end":{"line":8,"column":3}}]},"2":{"type":"branch","line":8,"loc":{"start":{"line":8,"column":2},"end":{"line":9,"column":35}},"locations":[{"start":{"line":8,"column":2},"end":{"line":9,"column":35}}]},"3":{"type":"branch","line":9,"loc":{"start":{"line":9,"column":35},"end":{"line":14,"column":1}},"locations":[{"start":{"line":9,"column":35},"end":{"line":14,"column":1}}]},"4":{"type":"branch","line":10,"loc":{"start":{"line":10,"column":55},"end":{"line":10,"column":83}},"locations":[{"start":{"line":10,"column":55},"end":{"line":10,"column":83}}]}},"b":{"0":[3],"1":[1],"2":[2],"3":[1],"4":[0]},"fnMap":{"0":{"name":"jsonError","decl":{"start":{"line":5,"column":7},"end":{"line":14,"column":1}},"loc":{"start":{"line":5,"column":7},"end":{"line":14,"column":1}},"line":5}},"f":{"0":3}}
,"/Users/mayank.narula/Documents/Workspace/personal/LegalAid/src/lib/seo.ts": {"path":"/Users/mayank.narula/Documents/Workspace/personal/LegalAid/src/lib/seo.ts","all":false,"statementMap":{"2":{"start":{"line":3,"column":0},"end":{"line":3,"column":76}},"4":{"start":{"line":5,"column":0},"end":{"line":5,"column":27}},"5":{"start":{"line":6,"column":0},"end":{"line":6,"column":19}},"6":{"start":{"line":7,"column":0},"end":{"line":7,"column":61}},"7":{"start":{"line":8,"column":0},"end":{"line":8,"column":14}},"8":{"start":{"line":9,"column":0},"end":{"line":9,"column":135}},"9":{"start":{"line":10,"column":0},"end":{"line":10,"column":15}},"10":{"start":{"line":11,"column":0},"end":{"line":11,"column":2}},"12":{"start":{"line":13,"column":0},"end":{"line":13,"column":72}},"13":{"start":{"line":14,"column":0},"end":{"line":14,"column":10}},"14":{"start":{"line":15,"column":0},"end":{"line":15,"column":42}},"15":{"start":{"line":16,"column":0},"end":{"line":16,"column":12}},"16":{"start":{"line":17,"column":0},"end":{"line":17,"column":32}},"17":{"start":{"line":18,"column":0},"end":{"line":18,"column":42}},"18":{"start":{"line":19,"column":0},"end":{"line":19,"column":6}},"19":{"start":{"line":20,"column":0},"end":{"line":20,"column":40}},"20":{"start":{"line":21,"column":0},"end":{"line":21,"column":16}},"21":{"start":{"line":22,"column":0},"end":{"line":22,"column":22}},"22":{"start":{"line":23,"column":0},"end":{"line":23,"column":22}},"23":{"start":{"line":24,"column":0},"end":{"line":24,"column":26}},"24":{"start":{"line":25,"column":0},"end":{"line":25,"column":32}},"25":{"start":{"line":26,"column":0},"end":{"line":26,"column":30}},"26":{"start":{"line":27,"column":0},"end":{"line":27,"column":42}},"27":{"start":{"line":28,"column":0},"end":{"line":28,"column":6}},"28":{"start":{"line":29,"column":0},"end":{"line":29,"column":14}},"29":{"start":{"line":30,"column":0},"end":{"line":30,"column":34}},"30":{"start":{"line":31,"column":0},"end":{"line":31,"column":30}},"31":{"start":{"line":32,"column":0},"end":{"line":32,"column":42}},"32":{"start":{"line":33,"column":0},"end":{"line":33,"column":6}},"33":{"start":{"line":34,"column":0},"end":{"line":34,"column":13}},"34":{"start":{"line":35,"column":0},"end":{"line":35,"column":18}},"35":{"start":{"line":36,"column":0},"end":{"line":36,"column":19}},"36":{"start":{"line":37,"column":0},"end":{"line":37,"column":6}},"37":{"start":{"line":38,"column":0},"end":{"line":38,"column":17}},"38":{"start":{"line":39,"column":0},"end":{"line":39,"column":32}},"39":{"start":{"line":40,"column":0},"end":{"line":40,"column":6}},"40":{"start":{"line":41,"column":0},"end":{"line":41,"column":17}},"41":{"start":{"line":42,"column":0},"end":{"line":42,"column":4}},"42":{"start":{"line":43,"column":0},"end":{"line":43,"column":1}},"44":{"start":{"line":45,"column":0},"end":{"line":45,"column":38}},"45":{"start":{"line":46,"column":0},"end":{"line":46,"column":10}},"46":{"start":{"line":47,"column":0},"end":{"line":47,"column":37}},"47":{"start":{"line":48,"column":0},"end":{"line":48,"column":28}},"48":{"start":{"line":49,"column":0},"end":{"line":49,"column":26}},"49":{"start":{"line":50,"column":0},"end":{"line":50,"column":24}},"50":{"start":{"line":51,"column":0},"end":{"line":51,"column":40}},"51":{"start":{"line":52,"column":0},"end":{"line":52,"column":4}},"52":{"start":{"line":53,"column":0},"end":{"line":53,"column":1}}},"s":{"2":1,"4":1,"5":1,"6":1,"7":1,"8":1,"9":1,"10":1,"12":1,"13":1,"14":1,"15":1,"16":1,"17":1,"18":1,"19":1,"20":1,"21":1,"22":1,"23":1,"24":1,"25":1,"26":1,"27":1,"28":1,"29":1,"30":1,"31":1,"32":1,"33":1,"34":1,"35":1,"36":1,"37":1,"38":1,"39":1,"40":1,"41":1,"42":1,"44":1,"45":1,"46":1,"47":1,"48":1,"49":1,"50":1,"51":1,"52":1},"branchMap":{"0":{"type":"branch","line":13,"loc":{"start":{"line":13,"column":7},"end":{"line":43,"column":1}},"locations":[{"start":{"line":13,"column":7},"end":{"line":43,"column":1}}]},"1":{"type":"branch","line":45,"loc":{"start":{"line":45,"column":7},"end":{"line":53,"column":1}},"locations":[{"start":{"line":45,"column":7},"end":{"line":53,"column":1}}]}},"b":{"0":[1],"1":[1]},"fnMap":{"0":{"name":"buildMetadata","decl":{"start":{"line":13,"column":7},"end":{"line":43,"column":1}},"loc":{"start":{"line":13,"column":7},"end":{"line":43,"column":1}},"line":13},"1":{"name":"organizationJsonLd","decl":{"start":{"line":45,"column":7},"end":{"line":53,"column":1}},"loc":{"start":{"line":45,"column":7},"end":{"line":53,"column":1}},"line":45}},"f":{"0":1,"1":1}}
}
